<?xml version="1.0" encoding="UTF-8"?>
<!-- Generated by org.testng.reporters.JUnitReportReporter -->
<testsuite hostname="AGI-LT-1304" failures="0" tests="1" name="com.santhosh.MavenTestNG.TestNG002" time="17.943" errors="0" timestamp="2021-09-23T17:52:07 IST" skipped="0">
  <testcase classname="com.santhosh.MavenTestNG.TestNG002" name="TS001" time="17.943"/>
  <system-out/>
</testsuite> <!-- com.santhosh.MavenTestNG.TestNG002 -->
